Build started 7/15/2015 9:34:49 PM.
     1>Project "C:\Users\Aaron\Desktop\The Den\School\CS 2420\Assignment5\Assignment5\Assignment5.vcxproj" on node 2 (Build target(s)).
     1>ClCompile:
         C:\Program Files (x86)\Microsoft Visual Studio 12.0\VC\bin\CL.exe /c /ZI /nologo /W3 /WX- /sdl /Od /Oy- /D WIN32 /D _DEBUG /D _CONSOLE /D _LIB /D _UNICODE /D UNICODE /Gm /EHsc /RTC1 /MDd /GS /fp:precise /Zc:wchar_t /Zc:forScope /Fo"Debug\\" /Fd"Debug\vc120.pdb" /Gd /TP /analyze- /errorReport:prompt Assignment5.cpp
         Assignment5.cpp
     1>c:\users\aaron\desktop\the den\school\cs 2420\assignment5\assignment5\assignment5.cpp(850): warning C4018: '<' : signed/unsigned mismatch
     1>c:\users\aaron\desktop\the den\school\cs 2420\assignment5\assignment5\assignment5.cpp(848): warning C4101: 'c' : unreferenced local variable
     1>c:\users\aaron\desktop\the den\school\cs 2420\assignment5\assignment5\assignment5.cpp(975): warning C4018: '<' : signed/unsigned mismatch
     1>c:\users\aaron\desktop\the den\school\cs 2420\assignment5\assignment5\assignment5.cpp(973): warning C4101: 'c' : unreferenced local variable
     1>c:\users\aaron\desktop\the den\school\cs 2420\assignment5\assignment5\assignment5.cpp(399): warning C4715: 'arrayHashTable<std::basic_string<char,std::char_traits<char>,std::allocator<char> >,product>::item' : not all control paths return a value
     1>c:\users\aaron\desktop\the den\school\cs 2420\assignment5\assignment5\assignment5.cpp(433): warning C4715: 'arrayHashTable<std::basic_string<char,std::char_traits<char>,std::allocator<char> >,product>::operator[]' : not all control paths return a value
     1>c:\users\aaron\desktop\the den\school\cs 2420\assignment5\assignment5\assignment5.cpp(365): warning C4715: 'arrayHashTable<std::basic_string<char,std::char_traits<char>,std::allocator<char> >,product>::exists' : not all control paths return a value
     1>c:\users\aaron\desktop\the den\school\cs 2420\assignment5\assignment5\assignment5.cpp(433): warning C4715: 'arrayHashTable<int,std::basic_string<char,std::char_traits<char>,std::allocator<char> > >::operator[]' : not all control paths return a value
     1>c:\users\aaron\desktop\the den\school\cs 2420\assignment5\assignment5\assignment5.cpp(399): warning C4715: 'arrayHashTable<int,std::basic_string<char,std::char_traits<char>,std::allocator<char> > >::item' : not all control paths return a value
     1>c:\users\aaron\desktop\the den\school\cs 2420\assignment5\assignment5\assignment5.cpp(365): warning C4715: 'arrayHashTable<int,std::basic_string<char,std::char_traits<char>,std::allocator<char> > >::exists' : not all control paths return a value
     1>c:\users\aaron\desktop\the den\school\cs 2420\assignment5\assignment5\assignment5.cpp(433): warning C4715: 'arrayHashTable<std::basic_string<char,std::char_traits<char>,std::allocator<char> >,arrayHashTable<int,int> >::operator[]' : not all control paths return a value
     1>c:\users\aaron\desktop\the den\school\cs 2420\assignment5\assignment5\assignment5.cpp(433): warning C4715: 'arrayHashTable<int,int>::operator[]' : not all control paths return a value
       Link:
         C:\Program Files (x86)\Microsoft Visual Studio 12.0\VC\bin\link.exe /ERRORREPORT:PROMPT /OUT:"C:\Users\Aaron\Desktop\The Den\School\CS 2420\Assignment5\Debug\Assignment5.exe" /INCREMENTAL /NOLOGO kernel32.lib user32.lib gdi32.lib winspool.lib comdlg32.lib advapi32.lib shell32.lib ole32.lib oleaut32.lib uuid.lib odbc32.lib odbccp32.lib /MANIFEST /MANIFESTUAC:"level='asInvoker' uiAccess='false'" /manifest:embed /DEBUG /PDB:"C:\Users\Aaron\Desktop\The Den\School\CS 2420\Assignment5\Debug\Assignment5.pdb" /SUBSYSTEM:CONSOLE /TLBID:1 /DYNAMICBASE /NXCOMPAT /IMPLIB:"C:\Users\Aaron\Desktop\The Den\School\CS 2420\Assignment5\Debug\Assignment5.lib" /MACHINE:X86 Debug\Assignment5.obj
         Assignment5.vcxproj -> C:\Users\Aaron\Desktop\The Den\School\CS 2420\Assignment5\Debug\Assignment5.exe
     1>Done Building Project "C:\Users\Aaron\Desktop\The Den\School\CS 2420\Assignment5\Assignment5\Assignment5.vcxproj" (Build target(s)).

Build succeeded.

Time Elapsed 00:00:01.21
