Build started 8/6/2015 1:15:58 PM.
     1>Project "C:\Users\Aaron\Desktop\The Den\School\CS 2420\Assignment8\Assignment8\Assignment8.vcxproj" on node 2 (Build target(s)).
     1>ClCompile:
         C:\Program Files (x86)\Microsoft Visual Studio 12.0\VC\bin\CL.exe /c /ZI /nologo /W3 /WX- /sdl /Od /Oy- /D WIN32 /D _DEBUG /D _CONSOLE /D _LIB /D _UNICODE /D UNICODE /Gm /EHsc /RTC1 /MDd /GS /fp:precise /Zc:wchar_t /Zc:forScope /Fo"Debug\\" /Fd"Debug\vc120.pdb" /Gd /TP /analyze- /errorReport:prompt Assignment8.cpp
         Assignment8.cpp
     1>c:\users\aaron\desktop\the den\school\cs 2420\assignment8\assignment8\assignment8.cpp(270): warning C4552: '+' : operator has no effect; expected operator with side-effect
                 c:\users\aaron\desktop\the den\school\cs 2420\assignment8\assignment8\assignment8.cpp(261) : while compiling class template member function 'int binaryTree<int>::levelCount(node<T> *,int,int)'
                 with
                 [
                     T=int
                 ]
                 c:\users\aaron\desktop\the den\school\cs 2420\assignment8\assignment8\assignment8.cpp(254) : see reference to function template instantiation 'int binaryTree<int>::levelCount(node<T> *,int,int)' being compiled
                 with
                 [
                     T=int
                 ]
                 c:\users\aaron\desktop\the den\school\cs 2420\assignment8\assignment8\assignment8.cpp(84) : while compiling class template member function 'binaryTree<int>::binaryTree(void)'
                 c:\users\aaron\desktop\the den\school\cs 2420\assignment8\assignment8\assignment8.cpp(286) : see reference to function template instantiation 'binaryTree<int>::binaryTree(void)' being compiled
                 c:\users\aaron\desktop\the den\school\cs 2420\assignment8\assignment8\assignment8.cpp(286) : see reference to class template instantiation 'binaryTree<int>' being compiled
       Link:
         C:\Program Files (x86)\Microsoft Visual Studio 12.0\VC\bin\link.exe /ERRORREPORT:PROMPT /OUT:"C:\Users\Aaron\Desktop\The Den\School\CS 2420\Assignment8\Debug\Assignment8.exe" /INCREMENTAL /NOLOGO kernel32.lib user32.lib gdi32.lib winspool.lib comdlg32.lib advapi32.lib shell32.lib ole32.lib oleaut32.lib uuid.lib odbc32.lib odbccp32.lib /MANIFEST /MANIFESTUAC:"level='asInvoker' uiAccess='false'" /manifest:embed /DEBUG /PDB:"C:\Users\Aaron\Desktop\The Den\School\CS 2420\Assignment8\Debug\Assignment8.pdb" /SUBSYSTEM:CONSOLE /TLBID:1 /DYNAMICBASE /NXCOMPAT /IMPLIB:"C:\Users\Aaron\Desktop\The Den\School\CS 2420\Assignment8\Debug\Assignment8.lib" /MACHINE:X86 Debug\Assignment8.obj
         Assignment8.vcxproj -> C:\Users\Aaron\Desktop\The Den\School\CS 2420\Assignment8\Debug\Assignment8.exe
     1>Done Building Project "C:\Users\Aaron\Desktop\The Den\School\CS 2420\Assignment8\Assignment8\Assignment8.vcxproj" (Build target(s)).

Build succeeded.

Time Elapsed 00:00:02.06
